<?xml version="1.0" encoding="UTF-8"?>
<robot generator="Robot 6.0.2 (Python 3.11.0 on win32)" generated="20230129 08:55:41.506" rpa="false" schemaversion="3">
<suite id="s1" name="Seleniumrob" source="C:\Users\vdi-student\PycharmProjects\Nauka-git\robot\seleniumrob.robot">
<test id="s1-t1" name="Registration" line="37">
<for flavor="IN RANGE">
<var>${i}</var>
<value>5</value>
<iter>
<var name="${i}">0</var>
<kw name="Registration In Forum">
<arg>${emails}[${i}]</arg>
<arg>${passwords}[${i}]</arg>
<kw name="Open Browser" library="SeleniumLibrary">
<arg>https://gotujmy.pl/forum/</arg>
<arg>Chrome</arg>
<doc>Opens a new browser instance to the optional ``url``.</doc>
<msg timestamp="20230129 08:55:42.283" level="INFO">Opening browser 'Chrome' to base url 'https://gotujmy.pl/forum/'.</msg>
<status status="PASS" starttime="20230129 08:55:42.283" endtime="20230129 08:55:50.220"/>
</kw>
<kw name="Sleep" library="BuiltIn">
<arg>3</arg>
<doc>Pauses the test executed for the given time.</doc>
<msg timestamp="20230129 08:55:53.221" level="INFO">Slept 3 seconds</msg>
<status status="PASS" starttime="20230129 08:55:50.220" endtime="20230129 08:55:53.221"/>
</kw>
<kw name="Run Keyword And Ignore Error" library="BuiltIn">
<arg>click button</arg>
<arg>//*[@id="tcf277-permissions-modal"]/div[3]/div/button[2]</arg>
<doc>Runs the given keyword with the given arguments and ignores possible error.</doc>
<kw name="Click Button" library="SeleniumLibrary">
<arg>//*[@id="tcf277-permissions-modal"]/div[3]/div/button[2]</arg>
<doc>Clicks the button identified by ``locator``.</doc>
<msg timestamp="20230129 08:55:53.222" level="INFO">Clicking button '//*[@id="tcf277-permissions-modal"]/div[3]/div/button[2]'.</msg>
<msg timestamp="20230129 08:55:53.475" level="INFO" html="true">&lt;/td&gt;&lt;/tr&gt;&lt;tr&gt;&lt;td colspan="3"&gt;&lt;a href="selenium-screenshot-1.png"&gt;&lt;img src="selenium-screenshot-1.png" width="800px"&gt;&lt;/a&gt;</msg>
<msg timestamp="20230129 08:55:53.475" level="FAIL">Button with locator '//*[@id="tcf277-permissions-modal"]/div[3]/div/button[2]' not found.</msg>
<status status="FAIL" starttime="20230129 08:55:53.222" endtime="20230129 08:55:53.570"/>
</kw>
<status status="PASS" starttime="20230129 08:55:53.222" endtime="20230129 08:55:53.570"/>
</kw>
<kw name="Sleep" library="BuiltIn">
<arg>3</arg>
<doc>Pauses the test executed for the given time.</doc>
<msg timestamp="20230129 08:55:56.570" level="INFO">Slept 3 seconds</msg>
<status status="PASS" starttime="20230129 08:55:53.570" endtime="20230129 08:55:56.570"/>
</kw>
<kw name="Click Element" library="SeleniumLibrary">
<arg>//*[@id="navTop"]/nav/ul[1]/li[2]/a</arg>
<doc>Click the element identified by ``locator``.</doc>
<msg timestamp="20230129 08:55:56.570" level="INFO">Clicking element '//*[@id="navTop"]/nav/ul[1]/li[2]/a'.</msg>
<status status="PASS" starttime="20230129 08:55:56.570" endtime="20230129 08:56:04.441"/>
</kw>
<kw name="Sleep" library="BuiltIn">
<arg>3</arg>
<doc>Pauses the test executed for the given time.</doc>
<msg timestamp="20230129 08:56:07.445" level="INFO">Slept 3 seconds</msg>
<status status="PASS" starttime="20230129 08:56:04.442" endtime="20230129 08:56:07.445"/>
</kw>
<kw name="Run Keyword And Ignore Error" library="BuiltIn">
<arg>click button</arg>
<arg>//*[@id="tcf277-permissions-modal"]/div[3]/div/button[2]</arg>
<doc>Runs the given keyword with the given arguments and ignores possible error.</doc>
<kw name="Click Button" library="SeleniumLibrary">
<arg>//*[@id="tcf277-permissions-modal"]/div[3]/div/button[2]</arg>
<doc>Clicks the button identified by ``locator``.</doc>
<msg timestamp="20230129 08:56:07.445" level="INFO">Clicking button '//*[@id="tcf277-permissions-modal"]/div[3]/div/button[2]'.</msg>
<status status="PASS" starttime="20230129 08:56:07.445" endtime="20230129 08:56:07.539"/>
</kw>
<status status="PASS" starttime="20230129 08:56:07.445" endtime="20230129 08:56:07.539"/>
</kw>
<kw name="Sleep" library="BuiltIn">
<arg>3</arg>
<doc>Pauses the test executed for the given time.</doc>
<msg timestamp="20230129 08:56:10.541" level="INFO">Slept 3 seconds</msg>
<status status="PASS" starttime="20230129 08:56:07.539" endtime="20230129 08:56:10.541"/>
</kw>
<kw name="Input Text" library="SeleniumLibrary">
<arg>//*[@id="f_cmu_email"]</arg>
<arg>${email}</arg>
<doc>Types the given ``text`` into the text field identified by ``locator``.</doc>
<msg timestamp="20230129 08:56:10.543" level="INFO">Typing text 'email1' into text field '//*[@id="f_cmu_email"]'.</msg>
<status status="PASS" starttime="20230129 08:56:10.541" endtime="20230129 08:56:10.679"/>
</kw>
<kw name="Input Text" library="SeleniumLibrary">
<arg>//*[@id="f_cmu_email2"]</arg>
<arg>${email}</arg>
<doc>Types the given ``text`` into the text field identified by ``locator``.</doc>
<msg timestamp="20230129 08:56:10.680" level="INFO">Typing text 'email1' into text field '//*[@id="f_cmu_email2"]'.</msg>
<status status="PASS" starttime="20230129 08:56:10.680" endtime="20230129 08:56:10.787"/>
</kw>
<kw name="Input Text" library="SeleniumLibrary">
<arg>//*[@id="f_cmu_password"]</arg>
<arg>${password}</arg>
<doc>Types the given ``text`` into the text field identified by ``locator``.</doc>
<msg timestamp="20230129 08:56:10.788" level="INFO">Typing text 'pass1' into text field '//*[@id="f_cmu_password"]'.</msg>
<status status="PASS" starttime="20230129 08:56:10.787" endtime="20230129 08:56:10.884"/>
</kw>
<kw name="Input Text" library="SeleniumLibrary">
<arg>//*[@id="f_cmu_password2"]</arg>
<arg>${password}</arg>
<doc>Types the given ``text`` into the text field identified by ``locator``.</doc>
<msg timestamp="20230129 08:56:10.885" level="INFO">Typing text 'pass1' into text field '//*[@id="f_cmu_password2"]'.</msg>
<status status="PASS" starttime="20230129 08:56:10.884" endtime="20230129 08:56:11.036"/>
</kw>
<kw name="Checkbox Should Not Be Selected" library="SeleniumLibrary">
<arg>//*[@id="newsletter_agree"]</arg>
<doc>Verifies checkbox ``locator`` is not selected/checked.</doc>
<msg timestamp="20230129 08:56:11.038" level="INFO">Verifying checkbox '//*[@id="newsletter_agree"]' is not selected.</msg>
<status status="PASS" starttime="20230129 08:56:11.036" endtime="20230129 08:56:11.139"/>
</kw>
<kw name="Select Checkbox" library="SeleniumLibrary">
<arg>//*[@id="newsletter_agree"]</arg>
<doc>Selects the checkbox identified by ``locator``.</doc>
<msg timestamp="20230129 08:56:11.139" level="INFO">Selecting checkbox '//*[@id="newsletter_agree"]'.</msg>
<status status="PASS" starttime="20230129 08:56:11.139" endtime="20230129 08:56:11.217"/>
</kw>
<kw name="Checkbox Should Not Be Selected" library="SeleniumLibrary">
<arg>//*[@id="user_register_form"]/fieldset/label[2]/input</arg>
<doc>Verifies checkbox ``locator`` is not selected/checked.</doc>
<msg timestamp="20230129 08:56:11.218" level="INFO">Verifying checkbox '//*[@id="user_register_form"]/fieldset/label[2]/input' is not selected.</msg>
<status status="PASS" starttime="20230129 08:56:11.217" endtime="20230129 08:56:11.252"/>
</kw>
<kw name="Select Checkbox" library="SeleniumLibrary">
<arg>//*[@id="user_register_form"]/fieldset/label[2]/input</arg>
<doc>Selects the checkbox identified by ``locator``.</doc>
<msg timestamp="20230129 08:56:11.253" level="INFO">Selecting checkbox '//*[@id="user_register_form"]/fieldset/label[2]/input'.</msg>
<status status="PASS" starttime="20230129 08:56:11.252" endtime="20230129 08:56:11.331"/>
</kw>
<kw name="Checkbox Should Not Be Selected" library="SeleniumLibrary">
<arg>//*[@id="user_register_form"]/fieldset/label[3]/input</arg>
<doc>Verifies checkbox ``locator`` is not selected/checked.</doc>
<msg timestamp="20230129 08:56:11.332" level="INFO">Verifying checkbox '//*[@id="user_register_form"]/fieldset/label[3]/input' is not selected.</msg>
<status status="PASS" starttime="20230129 08:56:11.331" endtime="20230129 08:56:11.395"/>
</kw>
<kw name="Select Checkbox" library="SeleniumLibrary">
<arg>//*[@id="user_register_form"]/fieldset/label[3]/input</arg>
<doc>Selects the checkbox identified by ``locator``.</doc>
<msg timestamp="20230129 08:56:11.395" level="INFO">Selecting checkbox '//*[@id="user_register_form"]/fieldset/label[3]/input'.</msg>
<status status="PASS" starttime="20230129 08:56:11.395" endtime="20230129 08:56:11.505"/>
</kw>
<kw name="Run Keyword And Ignore Error" library="BuiltIn">
<arg>click button</arg>
<arg>//*[@id="user_register_form"]/fieldset/footer/button</arg>
<doc>Runs the given keyword with the given arguments and ignores possible error.</doc>
<kw name="Click Button" library="SeleniumLibrary">
<arg>//*[@id="user_register_form"]/fieldset/footer/button</arg>
<doc>Clicks the button identified by ``locator``.</doc>
<msg timestamp="20230129 08:56:11.506" level="INFO">Clicking button '//*[@id="user_register_form"]/fieldset/footer/button'.</msg>
<status status="PASS" starttime="20230129 08:56:11.505" endtime="20230129 08:56:12.698"/>
</kw>
<status status="PASS" starttime="20230129 08:56:11.505" endtime="20230129 08:56:12.698"/>
</kw>
<kw name="Capture Page Screenshot" library="SeleniumLibrary">
<doc>Takes a screenshot of the current page and embeds it into a log file.</doc>
<msg timestamp="20230129 08:56:12.844" level="INFO" html="true">&lt;/td&gt;&lt;/tr&gt;&lt;tr&gt;&lt;td colspan="3"&gt;&lt;a href="selenium-screenshot-2.png"&gt;&lt;img src="selenium-screenshot-2.png" width="800px"&gt;&lt;/a&gt;</msg>
<status status="PASS" starttime="20230129 08:56:12.698" endtime="20230129 08:56:12.844"/>
</kw>
<status status="PASS" starttime="20230129 08:55:42.278" endtime="20230129 08:56:12.845"/>
</kw>
<status status="PASS" starttime="20230129 08:55:42.278" endtime="20230129 08:56:12.845"/>
</iter>
<iter>
<var name="${i}">1</var>
<kw name="Registration In Forum">
<arg>${emails}[${i}]</arg>
<arg>${passwords}[${i}]</arg>
<kw name="Open Browser" library="SeleniumLibrary">
<arg>https://gotujmy.pl/forum/</arg>
<arg>Chrome</arg>
<doc>Opens a new browser instance to the optional ``url``.</doc>
<msg timestamp="20230129 08:56:12.846" level="INFO">Opening browser 'Chrome' to base url 'https://gotujmy.pl/forum/'.</msg>
<status status="PASS" starttime="20230129 08:56:12.846" endtime="20230129 08:56:35.571"/>
</kw>
<kw name="Sleep" library="BuiltIn">
<arg>3</arg>
<doc>Pauses the test executed for the given time.</doc>
<msg timestamp="20230129 08:56:38.571" level="INFO">Slept 3 seconds</msg>
<status status="PASS" starttime="20230129 08:56:35.571" endtime="20230129 08:56:38.571"/>
</kw>
<kw name="Run Keyword And Ignore Error" library="BuiltIn">
<arg>click button</arg>
<arg>//*[@id="tcf277-permissions-modal"]/div[3]/div/button[2]</arg>
<doc>Runs the given keyword with the given arguments and ignores possible error.</doc>
<kw name="Click Button" library="SeleniumLibrary">
<arg>//*[@id="tcf277-permissions-modal"]/div[3]/div/button[2]</arg>
<doc>Clicks the button identified by ``locator``.</doc>
<msg timestamp="20230129 08:56:38.571" level="INFO">Clicking button '//*[@id="tcf277-permissions-modal"]/div[3]/div/button[2]'.</msg>
<msg timestamp="20230129 08:56:38.754" level="INFO" html="true">&lt;/td&gt;&lt;/tr&gt;&lt;tr&gt;&lt;td colspan="3"&gt;&lt;a href="selenium-screenshot-3.png"&gt;&lt;img src="selenium-screenshot-3.png" width="800px"&gt;&lt;/a&gt;</msg>
<msg timestamp="20230129 08:56:38.759" level="FAIL">Button with locator '//*[@id="tcf277-permissions-modal"]/div[3]/div/button[2]' not found.</msg>
<status status="FAIL" starttime="20230129 08:56:38.571" endtime="20230129 08:56:38.759"/>
</kw>
<status status="PASS" starttime="20230129 08:56:38.571" endtime="20230129 08:56:38.759"/>
</kw>
<kw name="Sleep" library="BuiltIn">
<arg>3</arg>
<doc>Pauses the test executed for the given time.</doc>
<msg timestamp="20230129 08:56:41.759" level="INFO">Slept 3 seconds</msg>
<status status="PASS" starttime="20230129 08:56:38.759" endtime="20230129 08:56:41.759"/>
</kw>
<kw name="Click Element" library="SeleniumLibrary">
<arg>//*[@id="navTop"]/nav/ul[1]/li[2]/a</arg>
<doc>Click the element identified by ``locator``.</doc>
<msg timestamp="20230129 08:56:41.759" level="INFO">Clicking element '//*[@id="navTop"]/nav/ul[1]/li[2]/a'.</msg>
<status status="PASS" starttime="20230129 08:56:41.759" endtime="20230129 08:56:42.551"/>
</kw>
<kw name="Sleep" library="BuiltIn">
<arg>3</arg>
<doc>Pauses the test executed for the given time.</doc>
<msg timestamp="20230129 08:56:45.554" level="INFO">Slept 3 seconds</msg>
<status status="PASS" starttime="20230129 08:56:42.551" endtime="20230129 08:56:45.554"/>
</kw>
<kw name="Run Keyword And Ignore Error" library="BuiltIn">
<arg>click button</arg>
<arg>//*[@id="tcf277-permissions-modal"]/div[3]/div/button[2]</arg>
<doc>Runs the given keyword with the given arguments and ignores possible error.</doc>
<kw name="Click Button" library="SeleniumLibrary">
<arg>//*[@id="tcf277-permissions-modal"]/div[3]/div/button[2]</arg>
<doc>Clicks the button identified by ``locator``.</doc>
<msg timestamp="20230129 08:56:45.554" level="INFO">Clicking button '//*[@id="tcf277-permissions-modal"]/div[3]/div/button[2]'.</msg>
<status status="PASS" starttime="20230129 08:56:45.554" endtime="20230129 08:56:45.787"/>
</kw>
<status status="PASS" starttime="20230129 08:56:45.554" endtime="20230129 08:56:45.787"/>
</kw>
<kw name="Sleep" library="BuiltIn">
<arg>3</arg>
<doc>Pauses the test executed for the given time.</doc>
<msg timestamp="20230129 08:56:48.788" level="INFO">Slept 3 seconds</msg>
<status status="PASS" starttime="20230129 08:56:45.788" endtime="20230129 08:56:48.788"/>
</kw>
<kw name="Input Text" library="SeleniumLibrary">
<arg>//*[@id="f_cmu_email"]</arg>
<arg>${email}</arg>
<doc>Types the given ``text`` into the text field identified by ``locator``.</doc>
<msg timestamp="20230129 08:56:48.788" level="INFO">Typing text 'email2' into text field '//*[@id="f_cmu_email"]'.</msg>
<status status="PASS" starttime="20230129 08:56:48.788" endtime="20230129 08:56:48.946"/>
</kw>
<kw name="Input Text" library="SeleniumLibrary">
<arg>//*[@id="f_cmu_email2"]</arg>
<arg>${email}</arg>
<doc>Types the given ``text`` into the text field identified by ``locator``.</doc>
<msg timestamp="20230129 08:56:48.948" level="INFO">Typing text 'email2' into text field '//*[@id="f_cmu_email2"]'.</msg>
<status status="PASS" starttime="20230129 08:56:48.947" endtime="20230129 08:56:49.122"/>
</kw>
<kw name="Input Text" library="SeleniumLibrary">
<arg>//*[@id="f_cmu_password"]</arg>
<arg>${password}</arg>
<doc>Types the given ``text`` into the text field identified by ``locator``.</doc>
<msg timestamp="20230129 08:56:49.123" level="INFO">Typing text 'pass2' into text field '//*[@id="f_cmu_password"]'.</msg>
<status status="PASS" starttime="20230129 08:56:49.122" endtime="20230129 08:56:49.385"/>
</kw>
<kw name="Input Text" library="SeleniumLibrary">
<arg>//*[@id="f_cmu_password2"]</arg>
<arg>${password}</arg>
<doc>Types the given ``text`` into the text field identified by ``locator``.</doc>
<msg timestamp="20230129 08:56:49.387" level="INFO">Typing text 'pass2' into text field '//*[@id="f_cmu_password2"]'.</msg>
<status status="PASS" starttime="20230129 08:56:49.385" endtime="20230129 08:56:49.543"/>
</kw>
<kw name="Checkbox Should Not Be Selected" library="SeleniumLibrary">
<arg>//*[@id="newsletter_agree"]</arg>
<doc>Verifies checkbox ``locator`` is not selected/checked.</doc>
<msg timestamp="20230129 08:56:49.544" level="INFO">Verifying checkbox '//*[@id="newsletter_agree"]' is not selected.</msg>
<status status="PASS" starttime="20230129 08:56:49.543" endtime="20230129 08:56:49.627"/>
</kw>
<kw name="Select Checkbox" library="SeleniumLibrary">
<arg>//*[@id="newsletter_agree"]</arg>
<doc>Selects the checkbox identified by ``locator``.</doc>
<msg timestamp="20230129 08:56:49.632" level="INFO">Selecting checkbox '//*[@id="newsletter_agree"]'.</msg>
<status status="PASS" starttime="20230129 08:56:49.627" endtime="20230129 08:56:49.746"/>
</kw>
<kw name="Checkbox Should Not Be Selected" library="SeleniumLibrary">
<arg>//*[@id="user_register_form"]/fieldset/label[2]/input</arg>
<doc>Verifies checkbox ``locator`` is not selected/checked.</doc>
<msg timestamp="20230129 08:56:49.748" level="INFO">Verifying checkbox '//*[@id="user_register_form"]/fieldset/label[2]/input' is not selected.</msg>
<status status="PASS" starttime="20230129 08:56:49.746" endtime="20230129 08:56:49.816"/>
</kw>
<kw name="Select Checkbox" library="SeleniumLibrary">
<arg>//*[@id="user_register_form"]/fieldset/label[2]/input</arg>
<doc>Selects the checkbox identified by ``locator``.</doc>
<msg timestamp="20230129 08:56:49.821" level="INFO">Selecting checkbox '//*[@id="user_register_form"]/fieldset/label[2]/input'.</msg>
<status status="PASS" starttime="20230129 08:56:49.816" endtime="20230129 08:56:49.989"/>
</kw>
<kw name="Checkbox Should Not Be Selected" library="SeleniumLibrary">
<arg>//*[@id="user_register_form"]/fieldset/label[3]/input</arg>
<doc>Verifies checkbox ``locator`` is not selected/checked.</doc>
<msg timestamp="20230129 08:56:49.990" level="INFO">Verifying checkbox '//*[@id="user_register_form"]/fieldset/label[3]/input' is not selected.</msg>
<status status="PASS" starttime="20230129 08:56:49.989" endtime="20230129 08:56:50.072"/>
</kw>
<kw name="Select Checkbox" library="SeleniumLibrary">
<arg>//*[@id="user_register_form"]/fieldset/label[3]/input</arg>
<doc>Selects the checkbox identified by ``locator``.</doc>
<msg timestamp="20230129 08:56:50.073" level="INFO">Selecting checkbox '//*[@id="user_register_form"]/fieldset/label[3]/input'.</msg>
<status status="PASS" starttime="20230129 08:56:50.072" endtime="20230129 08:56:50.229"/>
</kw>
<kw name="Run Keyword And Ignore Error" library="BuiltIn">
<arg>click button</arg>
<arg>//*[@id="user_register_form"]/fieldset/footer/button</arg>
<doc>Runs the given keyword with the given arguments and ignores possible error.</doc>
<kw name="Click Button" library="SeleniumLibrary">
<arg>//*[@id="user_register_form"]/fieldset/footer/button</arg>
<doc>Clicks the button identified by ``locator``.</doc>
<msg timestamp="20230129 08:56:50.232" level="INFO">Clicking button '//*[@id="user_register_form"]/fieldset/footer/button'.</msg>
<status status="PASS" starttime="20230129 08:56:50.230" endtime="20230129 08:56:51.823"/>
</kw>
<status status="PASS" starttime="20230129 08:56:50.230" endtime="20230129 08:56:51.823"/>
</kw>
<kw name="Capture Page Screenshot" library="SeleniumLibrary">
<doc>Takes a screenshot of the current page and embeds it into a log file.</doc>
<msg timestamp="20230129 08:56:52.068" level="INFO" html="true">&lt;/td&gt;&lt;/tr&gt;&lt;tr&gt;&lt;td colspan="3"&gt;&lt;a href="selenium-screenshot-4.png"&gt;&lt;img src="selenium-screenshot-4.png" width="800px"&gt;&lt;/a&gt;</msg>
<status status="PASS" starttime="20230129 08:56:51.823" endtime="20230129 08:56:52.068"/>
</kw>
<status status="PASS" starttime="20230129 08:56:12.845" endtime="20230129 08:56:52.068"/>
</kw>
<status status="PASS" starttime="20230129 08:56:12.845" endtime="20230129 08:56:52.069"/>
</iter>
<iter>
<var name="${i}">2</var>
<kw name="Registration In Forum">
<arg>${emails}[${i}]</arg>
<arg>${passwords}[${i}]</arg>
<kw name="Open Browser" library="SeleniumLibrary">
<arg>https://gotujmy.pl/forum/</arg>
<arg>Chrome</arg>
<doc>Opens a new browser instance to the optional ``url``.</doc>
<msg timestamp="20230129 08:56:52.071" level="INFO">Opening browser 'Chrome' to base url 'https://gotujmy.pl/forum/'.</msg>
<status status="PASS" starttime="20230129 08:56:52.070" endtime="20230129 08:56:56.407"/>
</kw>
<kw name="Sleep" library="BuiltIn">
<arg>3</arg>
<doc>Pauses the test executed for the given time.</doc>
<msg timestamp="20230129 08:56:59.411" level="INFO">Slept 3 seconds</msg>
<status status="PASS" starttime="20230129 08:56:56.407" endtime="20230129 08:56:59.411"/>
</kw>
<kw name="Run Keyword And Ignore Error" library="BuiltIn">
<arg>click button</arg>
<arg>//*[@id="tcf277-permissions-modal"]/div[3]/div/button[2]</arg>
<doc>Runs the given keyword with the given arguments and ignores possible error.</doc>
<kw name="Click Button" library="SeleniumLibrary">
<arg>//*[@id="tcf277-permissions-modal"]/div[3]/div/button[2]</arg>
<doc>Clicks the button identified by ``locator``.</doc>
<msg timestamp="20230129 08:56:59.411" level="INFO">Clicking button '//*[@id="tcf277-permissions-modal"]/div[3]/div/button[2]'.</msg>
<status status="PASS" starttime="20230129 08:56:59.411" endtime="20230129 08:56:59.570"/>
</kw>
<status status="PASS" starttime="20230129 08:56:59.411" endtime="20230129 08:56:59.570"/>
</kw>
<kw name="Sleep" library="BuiltIn">
<arg>3</arg>
<doc>Pauses the test executed for the given time.</doc>
<msg timestamp="20230129 08:57:02.572" level="INFO">Slept 3 seconds</msg>
<status status="PASS" starttime="20230129 08:56:59.571" endtime="20230129 08:57:02.572"/>
</kw>
<kw name="Click Element" library="SeleniumLibrary">
<arg>//*[@id="navTop"]/nav/ul[1]/li[2]/a</arg>
<doc>Click the element identified by ``locator``.</doc>
<msg timestamp="20230129 08:57:02.572" level="INFO">Clicking element '//*[@id="navTop"]/nav/ul[1]/li[2]/a'.</msg>
<status status="PASS" starttime="20230129 08:57:02.572" endtime="20230129 08:57:03.677"/>
</kw>
<kw name="Sleep" library="BuiltIn">
<arg>3</arg>
<doc>Pauses the test executed for the given time.</doc>
<msg timestamp="20230129 08:57:06.678" level="INFO">Slept 3 seconds</msg>
<status status="PASS" starttime="20230129 08:57:03.678" endtime="20230129 08:57:06.678"/>
</kw>
<kw name="Run Keyword And Ignore Error" library="BuiltIn">
<arg>click button</arg>
<arg>//*[@id="tcf277-permissions-modal"]/div[3]/div/button[2]</arg>
<doc>Runs the given keyword with the given arguments and ignores possible error.</doc>
<kw name="Click Button" library="SeleniumLibrary">
<arg>//*[@id="tcf277-permissions-modal"]/div[3]/div/button[2]</arg>
<doc>Clicks the button identified by ``locator``.</doc>
<msg timestamp="20230129 08:57:06.678" level="INFO">Clicking button '//*[@id="tcf277-permissions-modal"]/div[3]/div/button[2]'.</msg>
<msg timestamp="20230129 08:57:06.889" level="INFO" html="true">&lt;/td&gt;&lt;/tr&gt;&lt;tr&gt;&lt;td colspan="3"&gt;&lt;a href="selenium-screenshot-5.png"&gt;&lt;img src="selenium-screenshot-5.png" width="800px"&gt;&lt;/a&gt;</msg>
<msg timestamp="20230129 08:57:06.889" level="FAIL">Button with locator '//*[@id="tcf277-permissions-modal"]/div[3]/div/button[2]' not found.</msg>
<status status="FAIL" starttime="20230129 08:57:06.678" endtime="20230129 08:57:06.889"/>
</kw>
<status status="PASS" starttime="20230129 08:57:06.678" endtime="20230129 08:57:06.889"/>
</kw>
<kw name="Sleep" library="BuiltIn">
<arg>3</arg>
<doc>Pauses the test executed for the given time.</doc>
<msg timestamp="20230129 08:57:09.894" level="INFO">Slept 3 seconds</msg>
<status status="PASS" starttime="20230129 08:57:06.889" endtime="20230129 08:57:09.894"/>
</kw>
<kw name="Input Text" library="SeleniumLibrary">
<arg>//*[@id="f_cmu_email"]</arg>
<arg>${email}</arg>
<doc>Types the given ``text`` into the text field identified by ``locator``.</doc>
<msg timestamp="20230129 08:57:09.894" level="INFO">Typing text 'email3' into text field '//*[@id="f_cmu_email"]'.</msg>
<status status="PASS" starttime="20230129 08:57:09.894" endtime="20230129 08:57:10.069"/>
</kw>
<kw name="Input Text" library="SeleniumLibrary">
<arg>//*[@id="f_cmu_email2"]</arg>
<arg>${email}</arg>
<doc>Types the given ``text`` into the text field identified by ``locator``.</doc>
<msg timestamp="20230129 08:57:10.071" level="INFO">Typing text 'email3' into text field '//*[@id="f_cmu_email2"]'.</msg>
<status status="PASS" starttime="20230129 08:57:10.069" endtime="20230129 08:57:10.229"/>
</kw>
<kw name="Input Text" library="SeleniumLibrary">
<arg>//*[@id="f_cmu_password"]</arg>
<arg>${password}</arg>
<doc>Types the given ``text`` into the text field identified by ``locator``.</doc>
<msg timestamp="20230129 08:57:10.231" level="INFO">Typing text 'pass3' into text field '//*[@id="f_cmu_password"]'.</msg>
<status status="PASS" starttime="20230129 08:57:10.229" endtime="20230129 08:57:10.392"/>
</kw>
<kw name="Input Text" library="SeleniumLibrary">
<arg>//*[@id="f_cmu_password2"]</arg>
<arg>${password}</arg>
<doc>Types the given ``text`` into the text field identified by ``locator``.</doc>
<msg timestamp="20230129 08:57:10.393" level="INFO">Typing text 'pass3' into text field '//*[@id="f_cmu_password2"]'.</msg>
<status status="PASS" starttime="20230129 08:57:10.392" endtime="20230129 08:57:10.524"/>
</kw>
<kw name="Checkbox Should Not Be Selected" library="SeleniumLibrary">
<arg>//*[@id="newsletter_agree"]</arg>
<doc>Verifies checkbox ``locator`` is not selected/checked.</doc>
<msg timestamp="20230129 08:57:10.525" level="INFO">Verifying checkbox '//*[@id="newsletter_agree"]' is not selected.</msg>
<status status="PASS" starttime="20230129 08:57:10.524" endtime="20230129 08:57:10.606"/>
</kw>
<kw name="Select Checkbox" library="SeleniumLibrary">
<arg>//*[@id="newsletter_agree"]</arg>
<doc>Selects the checkbox identified by ``locator``.</doc>
<msg timestamp="20230129 08:57:10.607" level="INFO">Selecting checkbox '//*[@id="newsletter_agree"]'.</msg>
<status status="PASS" starttime="20230129 08:57:10.606" endtime="20230129 08:57:10.710"/>
</kw>
<kw name="Checkbox Should Not Be Selected" library="SeleniumLibrary">
<arg>//*[@id="user_register_form"]/fieldset/label[2]/input</arg>
<doc>Verifies checkbox ``locator`` is not selected/checked.</doc>
<msg timestamp="20230129 08:57:10.711" level="INFO">Verifying checkbox '//*[@id="user_register_form"]/fieldset/label[2]/input' is not selected.</msg>
<status status="PASS" starttime="20230129 08:57:10.710" endtime="20230129 08:57:10.761"/>
</kw>
<kw name="Select Checkbox" library="SeleniumLibrary">
<arg>//*[@id="user_register_form"]/fieldset/label[2]/input</arg>
<doc>Selects the checkbox identified by ``locator``.</doc>
<msg timestamp="20230129 08:57:10.762" level="INFO">Selecting checkbox '//*[@id="user_register_form"]/fieldset/label[2]/input'.</msg>
<status status="PASS" starttime="20230129 08:57:10.761" endtime="20230129 08:57:10.901"/>
</kw>
<kw name="Checkbox Should Not Be Selected" library="SeleniumLibrary">
<arg>//*[@id="user_register_form"]/fieldset/label[3]/input</arg>
<doc>Verifies checkbox ``locator`` is not selected/checked.</doc>
<msg timestamp="20230129 08:57:10.902" level="INFO">Verifying checkbox '//*[@id="user_register_form"]/fieldset/label[3]/input' is not selected.</msg>
<status status="PASS" starttime="20230129 08:57:10.901" endtime="20230129 08:57:10.969"/>
</kw>
<kw name="Select Checkbox" library="SeleniumLibrary">
<arg>//*[@id="user_register_form"]/fieldset/label[3]/input</arg>
<doc>Selects the checkbox identified by ``locator``.</doc>
<msg timestamp="20230129 08:57:10.971" level="INFO">Selecting checkbox '//*[@id="user_register_form"]/fieldset/label[3]/input'.</msg>
<status status="PASS" starttime="20230129 08:57:10.970" endtime="20230129 08:57:11.077"/>
</kw>
<kw name="Run Keyword And Ignore Error" library="BuiltIn">
<arg>click button</arg>
<arg>//*[@id="user_register_form"]/fieldset/footer/button</arg>
<doc>Runs the given keyword with the given arguments and ignores possible error.</doc>
<kw name="Click Button" library="SeleniumLibrary">
<arg>//*[@id="user_register_form"]/fieldset/footer/button</arg>
<doc>Clicks the button identified by ``locator``.</doc>
<msg timestamp="20230129 08:57:11.079" level="INFO">Clicking button '//*[@id="user_register_form"]/fieldset/footer/button'.</msg>
<status status="PASS" starttime="20230129 08:57:11.078" endtime="20230129 08:57:11.938"/>
</kw>
<status status="PASS" starttime="20230129 08:57:11.078" endtime="20230129 08:57:11.938"/>
</kw>
<kw name="Capture Page Screenshot" library="SeleniumLibrary">
<doc>Takes a screenshot of the current page and embeds it into a log file.</doc>
<msg timestamp="20230129 08:57:12.135" level="INFO" html="true">&lt;/td&gt;&lt;/tr&gt;&lt;tr&gt;&lt;td colspan="3"&gt;&lt;a href="selenium-screenshot-6.png"&gt;&lt;img src="selenium-screenshot-6.png" width="800px"&gt;&lt;/a&gt;</msg>
<status status="PASS" starttime="20230129 08:57:11.938" endtime="20230129 08:57:12.135"/>
</kw>
<status status="PASS" starttime="20230129 08:56:52.069" endtime="20230129 08:57:12.136"/>
</kw>
<status status="PASS" starttime="20230129 08:56:52.069" endtime="20230129 08:57:12.136"/>
</iter>
<iter>
<var name="${i}">3</var>
<kw name="Registration In Forum">
<arg>${emails}[${i}]</arg>
<arg>${passwords}[${i}]</arg>
<kw name="Open Browser" library="SeleniumLibrary">
<arg>https://gotujmy.pl/forum/</arg>
<arg>Chrome</arg>
<doc>Opens a new browser instance to the optional ``url``.</doc>
<msg timestamp="20230129 08:57:12.139" level="INFO">Opening browser 'Chrome' to base url 'https://gotujmy.pl/forum/'.</msg>
<status status="PASS" starttime="20230129 08:57:12.138" endtime="20230129 08:57:28.111"/>
</kw>
<kw name="Sleep" library="BuiltIn">
<arg>3</arg>
<doc>Pauses the test executed for the given time.</doc>
<msg timestamp="20230129 08:57:31.118" level="INFO">Slept 3 seconds</msg>
<status status="PASS" starttime="20230129 08:57:28.112" endtime="20230129 08:57:31.118"/>
</kw>
<kw name="Run Keyword And Ignore Error" library="BuiltIn">
<arg>click button</arg>
<arg>//*[@id="tcf277-permissions-modal"]/div[3]/div/button[2]</arg>
<doc>Runs the given keyword with the given arguments and ignores possible error.</doc>
<kw name="Click Button" library="SeleniumLibrary">
<arg>//*[@id="tcf277-permissions-modal"]/div[3]/div/button[2]</arg>
<doc>Clicks the button identified by ``locator``.</doc>
<msg timestamp="20230129 08:57:31.118" level="INFO">Clicking button '//*[@id="tcf277-permissions-modal"]/div[3]/div/button[2]'.</msg>
<status status="PASS" starttime="20230129 08:57:31.118" endtime="20230129 08:57:31.454"/>
</kw>
<status status="PASS" starttime="20230129 08:57:31.118" endtime="20230129 08:57:31.455"/>
</kw>
<kw name="Sleep" library="BuiltIn">
<arg>3</arg>
<doc>Pauses the test executed for the given time.</doc>
<msg timestamp="20230129 08:57:34.456" level="INFO">Slept 3 seconds</msg>
<status status="PASS" starttime="20230129 08:57:31.455" endtime="20230129 08:57:34.456"/>
</kw>
<kw name="Click Element" library="SeleniumLibrary">
<arg>//*[@id="navTop"]/nav/ul[1]/li[2]/a</arg>
<doc>Click the element identified by ``locator``.</doc>
<msg timestamp="20230129 08:57:34.456" level="INFO">Clicking element '//*[@id="navTop"]/nav/ul[1]/li[2]/a'.</msg>
<status status="PASS" starttime="20230129 08:57:34.456" endtime="20230129 08:57:34.589"/>
</kw>
<kw name="Sleep" library="BuiltIn">
<arg>3</arg>
<doc>Pauses the test executed for the given time.</doc>
<msg timestamp="20230129 08:57:37.591" level="INFO">Slept 3 seconds</msg>
<status status="PASS" starttime="20230129 08:57:34.589" endtime="20230129 08:57:37.591"/>
</kw>
<kw name="Run Keyword And Ignore Error" library="BuiltIn">
<arg>click button</arg>
<arg>//*[@id="tcf277-permissions-modal"]/div[3]/div/button[2]</arg>
<doc>Runs the given keyword with the given arguments and ignores possible error.</doc>
<kw name="Click Button" library="SeleniumLibrary">
<arg>//*[@id="tcf277-permissions-modal"]/div[3]/div/button[2]</arg>
<doc>Clicks the button identified by ``locator``.</doc>
<msg timestamp="20230129 08:57:37.591" level="INFO">Clicking button '//*[@id="tcf277-permissions-modal"]/div[3]/div/button[2]'.</msg>
<msg timestamp="20230129 08:57:37.591" level="WARN">Keyword 'Capture Page Screenshot' could not be run on failure: Message: no such window: target window already closed
from unknown error: web view not found
  (Session info: chrome=109.0.5414.120)
Stacktrace:
Backtrace:
	(No symbol) [0x005D6643]
	(No symbol) [0x0056BE21]
	(No symbol) [0x0046DA9D]
	(No symbol) [0x0044EF6A]
	(No symbol) [0x004C3AAB]
	(No symbol) [0x004D61B6]
	(No symbol) [0x004BFB76]
	(No symbol) [0x004949C1]
	(No symbol) [0x00495E5D]
	GetHandleVerifier [0x0084A142+2497106]
	GetHandleVerifier [0x008785D3+2686691]
	GetHandleVerifier [0x0087BB9C+2700460]
	GetHandleVerifier [0x00683B10+635936]
	(No symbol) [0x00574A1F]
	(No symbol) [0x0057A418]
	(No symbol) [0x0057A505]
	(No symbol) [0x0058508B]
	BaseThreadInitThunk [0x7769FEF9+25]
	RtlGetAppContainerNamedObjectPath [0x77907BBE+286]
	RtlGetAppContainerNamedObjectPath [0x77907B8E+238]
</msg>
<msg timestamp="20230129 08:57:37.596" level="FAIL">NoSuchWindowException: Message: no such window: target window already closed
from unknown error: web view not found
  (Session info: chrome=109.0.5414.120)
Stacktrace:
Backtrace:
	(No symbol) [0x005D6643]
	(No symbol) [0x0056BE21]
	(No symbol) [0x0046DA9D]
	(No symbol) [0x0044EF6A]
	(No symbol) [0x004C3AAB]
	(No symbol) [0x004D61B6]
	(No symbol) [0x004BFB76]
	(No symbol) [0x004949C1]
	(No symbol) [0x00495E5D]
	GetHandleVerifier [0x0084A142+2497106]
	GetHandleVerifier [0x008785D3+2686691]
	GetHandleVerifier [0x0087BB9C+2700460]
	GetHandleVerifier [0x00683B10+635936]
	(No symbol) [0x00574A1F]
	(No symbol) [0x0057A418]
	(No symbol) [0x0057A505]
	(No symbol) [0x0058508B]
	BaseThreadInitThunk [0x7769FEF9+25]
	RtlGetAppContainerNamedObjectPath [0x77907BBE+286]
	RtlGetAppContainerNamedObjectPath [0x77907B8E+238]
</msg>
<status status="FAIL" starttime="20230129 08:57:37.591" endtime="20230129 08:57:37.629"/>
</kw>
<status status="PASS" starttime="20230129 08:57:37.591" endtime="20230129 08:57:37.629"/>
</kw>
<kw name="Sleep" library="BuiltIn">
<arg>3</arg>
<doc>Pauses the test executed for the given time.</doc>
<msg timestamp="20230129 08:57:40.631" level="INFO">Slept 3 seconds</msg>
<status status="PASS" starttime="20230129 08:57:37.629" endtime="20230129 08:57:40.631"/>
</kw>
<kw name="Input Text" library="SeleniumLibrary">
<arg>//*[@id="f_cmu_email"]</arg>
<arg>${email}</arg>
<doc>Types the given ``text`` into the text field identified by ``locator``.</doc>
<msg timestamp="20230129 08:57:40.631" level="INFO">Typing text 'email4' into text field '//*[@id="f_cmu_email"]'.</msg>
<msg timestamp="20230129 08:57:40.636" level="WARN">Keyword 'Capture Page Screenshot' could not be run on failure: Message: no such window: target window already closed
from unknown error: web view not found
  (Session info: chrome=109.0.5414.120)
Stacktrace:
Backtrace:
	(No symbol) [0x005D6643]
	(No symbol) [0x0056BE21]
	(No symbol) [0x0046DA9D]
	(No symbol) [0x0044EF6A]
	(No symbol) [0x004C3AAB]
	(No symbol) [0x004D61B6]
	(No symbol) [0x004BFB76]
	(No symbol) [0x004949C1]
	(No symbol) [0x00495E5D]
	GetHandleVerifier [0x0084A142+2497106]
	GetHandleVerifier [0x008785D3+2686691]
	GetHandleVerifier [0x0087BB9C+2700460]
	GetHandleVerifier [0x00683B10+635936]
	(No symbol) [0x00574A1F]
	(No symbol) [0x0057A418]
	(No symbol) [0x0057A505]
	(No symbol) [0x0058508B]
	BaseThreadInitThunk [0x7769FEF9+25]
	RtlGetAppContainerNamedObjectPath [0x77907BBE+286]
	RtlGetAppContainerNamedObjectPath [0x77907B8E+238]
</msg>
<msg timestamp="20230129 08:57:40.636" level="FAIL">NoSuchWindowException: Message: no such window: target window already closed
from unknown error: web view not found
  (Session info: chrome=109.0.5414.120)
Stacktrace:
Backtrace:
	(No symbol) [0x005D6643]
	(No symbol) [0x0056BE21]
	(No symbol) [0x0046DA9D]
	(No symbol) [0x0044EF6A]
	(No symbol) [0x004C3AAB]
	(No symbol) [0x004D61B6]
	(No symbol) [0x004BFB76]
	(No symbol) [0x004949C1]
	(No symbol) [0x00495E5D]
	GetHandleVerifier [0x0084A142+2497106]
	GetHandleVerifier [0x008785D3+2686691]
	GetHandleVerifier [0x0087BB9C+2700460]
	GetHandleVerifier [0x00683B10+635936]
	(No symbol) [0x00574A1F]
	(No symbol) [0x0057A418]
	(No symbol) [0x0057A505]
	(No symbol) [0x0058508B]
	BaseThreadInitThunk [0x7769FEF9+25]
	RtlGetAppContainerNamedObjectPath [0x77907BBE+286]
	RtlGetAppContainerNamedObjectPath [0x77907B8E+238]
</msg>
<status status="FAIL" starttime="20230129 08:57:40.631" endtime="20230129 08:57:40.650"/>
</kw>
<kw name="Input Text" library="SeleniumLibrary">
<arg>//*[@id="f_cmu_email2"]</arg>
<arg>${email}</arg>
<doc>Types the given ``text`` into the text field identified by ``locator``.</doc>
<status status="NOT RUN" starttime="20230129 08:57:40.650" endtime="20230129 08:57:40.650"/>
</kw>
<kw name="Input Text" library="SeleniumLibrary">
<arg>//*[@id="f_cmu_password"]</arg>
<arg>${password}</arg>
<doc>Types the given ``text`` into the text field identified by ``locator``.</doc>
<status status="NOT RUN" starttime="20230129 08:57:40.650" endtime="20230129 08:57:40.650"/>
</kw>
<kw name="Input Text" library="SeleniumLibrary">
<arg>//*[@id="f_cmu_password2"]</arg>
<arg>${password}</arg>
<doc>Types the given ``text`` into the text field identified by ``locator``.</doc>
<status status="NOT RUN" starttime="20230129 08:57:40.650" endtime="20230129 08:57:40.650"/>
</kw>
<kw name="Checkbox Should Not Be Selected" library="SeleniumLibrary">
<arg>//*[@id="newsletter_agree"]</arg>
<doc>Verifies checkbox ``locator`` is not selected/checked.</doc>
<status status="NOT RUN" starttime="20230129 08:57:40.650" endtime="20230129 08:57:40.650"/>
</kw>
<kw name="Select Checkbox" library="SeleniumLibrary">
<arg>//*[@id="newsletter_agree"]</arg>
<doc>Selects the checkbox identified by ``locator``.</doc>
<status status="NOT RUN" starttime="20230129 08:57:40.650" endtime="20230129 08:57:40.650"/>
</kw>
<kw name="Checkbox Should Not Be Selected" library="SeleniumLibrary">
<arg>//*[@id="user_register_form"]/fieldset/label[2]/input</arg>
<doc>Verifies checkbox ``locator`` is not selected/checked.</doc>
<status status="NOT RUN" starttime="20230129 08:57:40.650" endtime="20230129 08:57:40.650"/>
</kw>
<kw name="Select Checkbox" library="SeleniumLibrary">
<arg>//*[@id="user_register_form"]/fieldset/label[2]/input</arg>
<doc>Selects the checkbox identified by ``locator``.</doc>
<status status="NOT RUN" starttime="20230129 08:57:40.650" endtime="20230129 08:57:40.650"/>
</kw>
<kw name="Checkbox Should Not Be Selected" library="SeleniumLibrary">
<arg>//*[@id="user_register_form"]/fieldset/label[3]/input</arg>
<doc>Verifies checkbox ``locator`` is not selected/checked.</doc>
<status status="NOT RUN" starttime="20230129 08:57:40.650" endtime="20230129 08:57:40.650"/>
</kw>
<kw name="Select Checkbox" library="SeleniumLibrary">
<arg>//*[@id="user_register_form"]/fieldset/label[3]/input</arg>
<doc>Selects the checkbox identified by ``locator``.</doc>
<status status="NOT RUN" starttime="20230129 08:57:40.650" endtime="20230129 08:57:40.650"/>
</kw>
<kw name="Run Keyword And Ignore Error" library="BuiltIn">
<arg>click button</arg>
<arg>//*[@id="user_register_form"]/fieldset/footer/button</arg>
<doc>Runs the given keyword with the given arguments and ignores possible error.</doc>
<status status="NOT RUN" starttime="20230129 08:57:40.650" endtime="20230129 08:57:40.650"/>
</kw>
<kw name="Capture Page Screenshot" library="SeleniumLibrary">
<doc>Takes a screenshot of the current page and embeds it into a log file.</doc>
<status status="NOT RUN" starttime="20230129 08:57:40.650" endtime="20230129 08:57:40.650"/>
</kw>
<status status="FAIL" starttime="20230129 08:57:12.136" endtime="20230129 08:57:40.650"/>
</kw>
<status status="FAIL" starttime="20230129 08:57:12.136" endtime="20230129 08:57:40.650"/>
</iter>
<status status="FAIL" starttime="20230129 08:55:42.278" endtime="20230129 08:57:40.650"/>
</for>
<status status="FAIL" starttime="20230129 08:55:42.278" endtime="20230129 08:57:40.655">NoSuchWindowException: Message: no such window: target window already closed
from unknown error: web view not found
  (Session info: chrome=109.0.5414.120)
Stacktrace:
Backtrace:
	(No symbol) [0x005D6643]
	(No symbol) [0x0056BE21]
	(No symbol) [0x0046DA9D]
	(No symbol) [0x0044EF6A]
	(No symbol) [0x004C3AAB]
	(No symbol) [0x004D61B6]
	(No symbol) [0x004BFB76]
	(No symbol) [0x004949C1]
	(No symbol) [0x00495E5D]
	GetHandleVerifier [0x0084A142+2497106]
	GetHandleVerifier [0x008785D3+2686691]
	GetHandleVerifier [0x0087BB9C+2700460]
	GetHandleVerifier [0x00683B10+635936]
	(No symbol) [0x00574A1F]
	(No symbol) [0x0057A418]
	(No symbol) [0x0057A505]
	(No symbol) [0x0058508B]
	BaseThreadInitThunk [0x7769FEF9+25]
	RtlGetAppContainerNamedObjectPath [0x77907BBE+286]
	RtlGetAppContainerNamedObjectPath [0x77907B8E+238]
</status>
</test>
<status status="FAIL" starttime="20230129 08:55:41.511" endtime="20230129 08:57:40.655"/>
</suite>
<statistics>
<total>
<stat pass="0" fail="1" skip="0">All Tests</stat>
</total>
<tag>
</tag>
<suite>
<stat pass="0" fail="1" skip="0" id="s1" name="Seleniumrob">Seleniumrob</stat>
</suite>
</statistics>
<errors>
<msg timestamp="20230129 08:57:37.591" level="WARN">Keyword 'Capture Page Screenshot' could not be run on failure: Message: no such window: target window already closed
from unknown error: web view not found
  (Session info: chrome=109.0.5414.120)
Stacktrace:
Backtrace:
	(No symbol) [0x005D6643]
	(No symbol) [0x0056BE21]
	(No symbol) [0x0046DA9D]
	(No symbol) [0x0044EF6A]
	(No symbol) [0x004C3AAB]
	(No symbol) [0x004D61B6]
	(No symbol) [0x004BFB76]
	(No symbol) [0x004949C1]
	(No symbol) [0x00495E5D]
	GetHandleVerifier [0x0084A142+2497106]
	GetHandleVerifier [0x008785D3+2686691]
	GetHandleVerifier [0x0087BB9C+2700460]
	GetHandleVerifier [0x00683B10+635936]
	(No symbol) [0x00574A1F]
	(No symbol) [0x0057A418]
	(No symbol) [0x0057A505]
	(No symbol) [0x0058508B]
	BaseThreadInitThunk [0x7769FEF9+25]
	RtlGetAppContainerNamedObjectPath [0x77907BBE+286]
	RtlGetAppContainerNamedObjectPath [0x77907B8E+238]
</msg>
<msg timestamp="20230129 08:57:40.636" level="WARN">Keyword 'Capture Page Screenshot' could not be run on failure: Message: no such window: target window already closed
from unknown error: web view not found
  (Session info: chrome=109.0.5414.120)
Stacktrace:
Backtrace:
	(No symbol) [0x005D6643]
	(No symbol) [0x0056BE21]
	(No symbol) [0x0046DA9D]
	(No symbol) [0x0044EF6A]
	(No symbol) [0x004C3AAB]
	(No symbol) [0x004D61B6]
	(No symbol) [0x004BFB76]
	(No symbol) [0x004949C1]
	(No symbol) [0x00495E5D]
	GetHandleVerifier [0x0084A142+2497106]
	GetHandleVerifier [0x008785D3+2686691]
	GetHandleVerifier [0x0087BB9C+2700460]
	GetHandleVerifier [0x00683B10+635936]
	(No symbol) [0x00574A1F]
	(No symbol) [0x0057A418]
	(No symbol) [0x0057A505]
	(No symbol) [0x0058508B]
	BaseThreadInitThunk [0x7769FEF9+25]
	RtlGetAppContainerNamedObjectPath [0x77907BBE+286]
	RtlGetAppContainerNamedObjectPath [0x77907B8E+238]
</msg>
</errors>
</robot>
